app/build/intermediates/manifest_merge_blame_file/debug/manifest-merger-blame-debug-report.txt
1<?xml version="1.0" encoding="utf-8"?>
2<manifest xmlns:android="http://schemas.android.com/apk/res/android"
3    package="com.aikonia.app"
4    android:versionCode="1"
5    android:versionName="1.0.0" >
6
7    <uses-sdk
8        android:minSdkVersion="24"
8-->src\main\AndroidManifest.xml
9        android:targetSdkVersion="34" />
9-->src\main\AndroidManifest.xml
10
11    <uses-permission android:name="android.permission.INTERNET" />
11-->src\main\AndroidManifest.xml:6:5-67
11-->src\main\AndroidManifest.xml:6:22-64
12    <uses-permission android:name="android.permission.POST_NOTIFICATIONS" />
12-->src\main\AndroidManifest.xml:7:5-77
12-->src\main\AndroidManifest.xml:7:22-74
13    <uses-permission android:name="com.android.vending.BILLING" />
13-->src\main\AndroidManifest.xml:8:5-67
13-->src\main\AndroidManifest.xml:8:22-64
14    <uses-permission android:name="android.permission.RECORD_AUDIO" />
14-->src\main\AndroidManifest.xml:9:5-71
14-->src\main\AndroidManifest.xml:9:22-68
15
16    <queries>
16-->src\main\AndroidManifest.xml:11:5-15:15
17        <intent>
17-->src\main\AndroidManifest.xml:12:9-14:18
18            <action android:name="android.speech.RecognitionService" />
18-->src\main\AndroidManifest.xml:13:13-72
18-->src\main\AndroidManifest.xml:13:21-69
19        </intent>
20        <!-- For browser content -->
21        <intent>
21-->[com.google.android.gms:play-services-ads-lite:22.6.0] AndroidManifest.xml:38:9-44:18
22            <action android:name="android.intent.action.VIEW" />
22-->[com.google.android.gms:play-services-ads-lite:22.6.0] AndroidManifest.xml:39:13-65
22-->[com.google.android.gms:play-services-ads-lite:22.6.0] AndroidManifest.xml:39:21-62
23
24            <category android:name="android.intent.category.BROWSABLE" />
24-->[com.google.android.gms:play-services-ads-lite:22.6.0] AndroidManifest.xml:41:13-74
24-->[com.google.android.gms:play-services-ads-lite:22.6.0] AndroidManifest.xml:41:23-71
25
26            <data android:scheme="https" />
26-->[com.google.android.gms:play-services-ads-lite:22.6.0] AndroidManifest.xml:43:13-44
26-->[com.google.android.gms:play-services-ads-lite:22.6.0] AndroidManifest.xml:43:19-41
27        </intent> <!-- End of browser content -->
28        <!-- For CustomTabsService -->
29        <intent>
29-->[com.google.android.gms:play-services-ads-lite:22.6.0] AndroidManifest.xml:47:9-49:18
30            <action android:name="android.support.customtabs.action.CustomTabsService" />
30-->[com.google.android.gms:play-services-ads-lite:22.6.0] AndroidManifest.xml:48:13-90
30-->[com.google.android.gms:play-services-ads-lite:22.6.0] AndroidManifest.xml:48:21-87
31        </intent>
32        <intent>
32-->[com.android.billingclient:billing:6.1.0] AndroidManifest.xml:13:9-15:18
33            <action android:name="com.android.vending.billing.InAppBillingService.BIND" />
33-->[com.android.billingclient:billing:6.1.0] AndroidManifest.xml:14:13-91
33-->[com.android.billingclient:billing:6.1.0] AndroidManifest.xml:14:21-88
34        </intent>
35    </queries>
36
37    <uses-permission android:name="android.permission.ACCESS_NETWORK_STATE" />
37-->[com.google.android.gms:play-services-ads-lite:22.6.0] AndroidManifest.xml:25:5-79
37-->[com.google.android.gms:play-services-ads-lite:22.6.0] AndroidManifest.xml:25:22-76
38    <uses-permission android:name="com.google.android.gms.permission.AD_ID" />
38-->[com.google.android.gms:play-services-ads-lite:22.6.0] AndroidManifest.xml:26:5-79
38-->[com.google.android.gms:play-services-ads-lite:22.6.0] AndroidManifest.xml:26:22-76
39    <uses-permission android:name="android.permission.ACCESS_ADSERVICES_AD_ID" />
39-->[com.google.android.gms:play-services-ads-lite:22.6.0] AndroidManifest.xml:27:5-82
39-->[com.google.android.gms:play-services-ads-lite:22.6.0] AndroidManifest.xml:27:22-79
40    <uses-permission android:name="android.permission.ACCESS_ADSERVICES_ATTRIBUTION" />
40-->[com.google.android.gms:play-services-ads-lite:22.6.0] AndroidManifest.xml:28:5-88
40-->[com.google.android.gms:play-services-ads-lite:22.6.0] AndroidManifest.xml:28:22-85
41    <uses-permission android:name="android.permission.ACCESS_ADSERVICES_TOPICS" />
41-->[com.google.android.gms:play-services-ads-lite:22.6.0] AndroidManifest.xml:29:5-83
41-->[com.google.android.gms:play-services-ads-lite:22.6.0] AndroidManifest.xml:29:22-80
42    <uses-permission android:name="android.permission.WAKE_LOCK" />
42-->[androidx.work:work-runtime:2.7.0] AndroidManifest.xml:25:5-68
42-->[androidx.work:work-runtime:2.7.0] AndroidManifest.xml:25:22-65
43    <uses-permission android:name="android.permission.FOREGROUND_SERVICE" /> <!-- Required by older versions of Google Play services to create IID tokens -->
43-->[androidx.work:work-runtime:2.7.0] AndroidManifest.xml:28:5-77
43-->[androidx.work:work-runtime:2.7.0] AndroidManifest.xml:28:22-74
44    <uses-permission android:name="com.google.android.c2dm.permission.RECEIVE" />
44-->[com.google.firebase:firebase-messaging:23.0.3] AndroidManifest.xml:28:5-82
44-->[com.google.firebase:firebase-messaging:23.0.3] AndroidManifest.xml:28:22-79
45
46    <permission
46-->[androidx.core:core:1.12.0] AndroidManifest.xml:22:5-24:47
47        android:name="com.aikonia.app.DYNAMIC_RECEIVER_NOT_EXPORTED_PERMISSION"
47-->[androidx.core:core:1.12.0] AndroidManifest.xml:23:9-81
48        android:protectionLevel="signature" />
48-->[androidx.core:core:1.12.0] AndroidManifest.xml:24:9-44
49
50    <uses-permission android:name="com.aikonia.app.DYNAMIC_RECEIVER_NOT_EXPORTED_PERMISSION" />
50-->[androidx.core:core:1.12.0] AndroidManifest.xml:26:5-97
50-->[androidx.core:core:1.12.0] AndroidManifest.xml:26:22-94
51
52    <application
52-->src\main\AndroidManifest.xml:17:5-54:19
53        android:name="com.aikonia.app.ConversAIApp"
53-->src\main\AndroidManifest.xml:24:9-52
54        android:allowBackup="true"
54-->src\main\AndroidManifest.xml:18:9-35
55        android:appComponentFactory="androidx.core.app.CoreComponentFactory"
55-->[androidx.core:core:1.12.0] AndroidManifest.xml:28:18-86
56        android:dataExtractionRules="@xml/data_extraction_rules"
56-->src\main\AndroidManifest.xml:19:9-65
57        android:debuggable="true"
58        android:extractNativeLibs="false"
59        android:fullBackupContent="@xml/backup_rules"
59-->src\main\AndroidManifest.xml:20:9-54
60        android:icon="@drawable/app_icon"
60-->src\main\AndroidManifest.xml:21:9-42
61        android:label="@string/app_name"
61-->src\main\AndroidManifest.xml:22:9-41
62        android:supportsRtl="true"
62-->src\main\AndroidManifest.xml:23:9-35
63        android:testOnly="true"
64        android:theme="@style/Theme.ConversAI" >
64-->src\main\AndroidManifest.xml:25:9-47
65        <activity
65-->src\main\AndroidManifest.xml:27:9-38:20
66            android:name="com.aikonia.app.ui.activity.MainActivity"
66-->src\main\AndroidManifest.xml:28:13-53
67            android:exported="true"
67-->src\main\AndroidManifest.xml:29:13-36
68            android:label="@string/app_name"
68-->src\main\AndroidManifest.xml:31:13-45
69            android:theme="@style/Theme.ConversAI"
69-->src\main\AndroidManifest.xml:32:13-51
70            android:windowSoftInputMode="adjustNothing" >
70-->src\main\AndroidManifest.xml:30:13-56
71            <intent-filter>
71-->src\main\AndroidManifest.xml:33:13-37:29
72                <action android:name="android.intent.action.MAIN" />
72-->src\main\AndroidManifest.xml:34:17-69
72-->src\main\AndroidManifest.xml:34:25-66
73
74                <category android:name="android.intent.category.LAUNCHER" />
74-->src\main\AndroidManifest.xml:36:17-77
74-->src\main\AndroidManifest.xml:36:27-74
75            </intent-filter>
76        </activity>
77
78        <meta-data
78-->src\main\AndroidManifest.xml:40:9-42:70
79            android:name="com.google.android.gms.ads.APPLICATION_ID"
79-->src\main\AndroidManifest.xml:41:13-69
80            android:value="ca-app-pub-2182457367918105~8996486798" />
80-->src\main\AndroidManifest.xml:42:13-67
81        <meta-data
81-->src\main\AndroidManifest.xml:43:9-45:53
82            android:name="com.google.firebase.messaging.default_notification_icon"
82-->src\main\AndroidManifest.xml:44:13-83
83            android:resource="@drawable/app_icon" />
83-->src\main\AndroidManifest.xml:45:13-50
84
85        <service
85-->src\main\AndroidManifest.xml:47:9-53:19
86            android:name="com.aikonia.app.common.FirebaseService"
86-->src\main\AndroidManifest.xml:48:13-51
87            android:exported="true" >
87-->src\main\AndroidManifest.xml:49:13-36
88            <intent-filter>
88-->src\main\AndroidManifest.xml:50:13-52:29
89                <action android:name="com.google.firebase.MESSAGING_EVENT" />
89-->src\main\AndroidManifest.xml:51:17-78
89-->src\main\AndroidManifest.xml:51:25-75
90            </intent-filter>
91        </service>
92        <!-- Include the AdActivity and InAppPurchaseActivity configChanges and themes. -->
93        <activity
93-->[com.google.android.gms:play-services-ads-lite:22.6.0] AndroidManifest.xml:56:9-61:43
94            android:name="com.google.android.gms.ads.AdActivity"
94-->[com.google.android.gms:play-services-ads-lite:22.6.0] AndroidManifest.xml:57:13-65
95            android:configChanges="keyboard|keyboardHidden|orientation|screenLayout|uiMode|screenSize|smallestScreenSize"
95-->[com.google.android.gms:play-services-ads-lite:22.6.0] AndroidManifest.xml:58:13-122
96            android:exported="false"
96-->[com.google.android.gms:play-services-ads-lite:22.6.0] AndroidManifest.xml:59:13-37
97            android:theme="@android:style/Theme.Translucent" />
97-->[com.google.android.gms:play-services-ads-lite:22.6.0] AndroidManifest.xml:60:13-61
98
99        <provider
99-->[com.google.android.gms:play-services-ads-lite:22.6.0] AndroidManifest.xml:63:9-68:43
100            android:name="com.google.android.gms.ads.MobileAdsInitProvider"
100-->[com.google.android.gms:play-services-ads-lite:22.6.0] AndroidManifest.xml:64:13-76
101            android:authorities="com.aikonia.app.mobileadsinitprovider"
101-->[com.google.android.gms:play-services-ads-lite:22.6.0] AndroidManifest.xml:65:13-73
102            android:exported="false"
102-->[com.google.android.gms:play-services-ads-lite:22.6.0] AndroidManifest.xml:66:13-37
103            android:initOrder="100" />
103-->[com.google.android.gms:play-services-ads-lite:22.6.0] AndroidManifest.xml:67:13-36
104
105        <service
105-->[com.google.android.gms:play-services-ads-lite:22.6.0] AndroidManifest.xml:70:9-74:43
106            android:name="com.google.android.gms.ads.AdService"
106-->[com.google.android.gms:play-services-ads-lite:22.6.0] AndroidManifest.xml:71:13-64
107            android:enabled="true"
107-->[com.google.android.gms:play-services-ads-lite:22.6.0] AndroidManifest.xml:72:13-35
108            android:exported="false" />
108-->[com.google.android.gms:play-services-ads-lite:22.6.0] AndroidManifest.xml:73:13-37
109
110        <activity
110-->[com.google.android.gms:play-services-ads-lite:22.6.0] AndroidManifest.xml:76:9-80:43
111            android:name="com.google.android.gms.ads.OutOfContextTestingActivity"
111-->[com.google.android.gms:play-services-ads-lite:22.6.0] AndroidManifest.xml:77:13-82
112            android:configChanges="keyboard|keyboardHidden|orientation|screenLayout|uiMode|screenSize|smallestScreenSize"
112-->[com.google.android.gms:play-services-ads-lite:22.6.0] AndroidManifest.xml:78:13-122
113            android:exported="false" />
113-->[com.google.android.gms:play-services-ads-lite:22.6.0] AndroidManifest.xml:79:13-37
114        <activity
114-->[com.google.android.gms:play-services-ads-lite:22.6.0] AndroidManifest.xml:81:9-88:43
115            android:name="com.google.android.gms.ads.NotificationHandlerActivity"
115-->[com.google.android.gms:play-services-ads-lite:22.6.0] AndroidManifest.xml:82:13-82
116            android:excludeFromRecents="true"
116-->[com.google.android.gms:play-services-ads-lite:22.6.0] AndroidManifest.xml:83:13-46
117            android:exported="false"
117-->[com.google.android.gms:play-services-ads-lite:22.6.0] AndroidManifest.xml:84:13-37
118            android:launchMode="singleTask"
118-->[com.google.android.gms:play-services-ads-lite:22.6.0] AndroidManifest.xml:85:13-44
119            android:taskAffinity=""
119-->[com.google.android.gms:play-services-ads-lite:22.6.0] AndroidManifest.xml:86:13-36
120            android:theme="@android:style/Theme.Translucent.NoTitleBar" />
120-->[com.google.android.gms:play-services-ads-lite:22.6.0] AndroidManifest.xml:87:13-72
121
122        <property
122-->[com.google.android.gms:play-services-ads-lite:22.6.0] AndroidManifest.xml:90:9-92:62
123            android:name="android.adservices.AD_SERVICES_CONFIG"
123-->[com.google.android.gms:play-services-ads-lite:22.6.0] AndroidManifest.xml:91:13-65
124            android:resource="@xml/gma_ad_services_config" />
124-->[com.google.android.gms:play-services-ads-lite:22.6.0] AndroidManifest.xml:92:13-59
125
126        <provider
126-->[androidx.work:work-runtime:2.7.0] AndroidManifest.xml:31:9-39:20
127            android:name="androidx.startup.InitializationProvider"
127-->[androidx.work:work-runtime:2.7.0] AndroidManifest.xml:32:13-67
128            android:authorities="com.aikonia.app.androidx-startup"
128-->[androidx.work:work-runtime:2.7.0] AndroidManifest.xml:33:13-68
129            android:exported="false" >
129-->[androidx.work:work-runtime:2.7.0] AndroidManifest.xml:34:13-37
130            <meta-data
130-->[androidx.work:work-runtime:2.7.0] AndroidManifest.xml:36:13-38:52
131                android:name="androidx.work.WorkManagerInitializer"
131-->[androidx.work:work-runtime:2.7.0] AndroidManifest.xml:37:17-68
132                android:value="androidx.startup" />
132-->[androidx.work:work-runtime:2.7.0] AndroidManifest.xml:38:17-49
133            <meta-data
133-->[androidx.emoji2:emoji2:1.4.0] AndroidManifest.xml:29:13-31:52
134                android:name="androidx.emoji2.text.EmojiCompatInitializer"
134-->[androidx.emoji2:emoji2:1.4.0] AndroidManifest.xml:30:17-75
135                android:value="androidx.startup" />
135-->[androidx.emoji2:emoji2:1.4.0] AndroidManifest.xml:31:17-49
136            <meta-data
136-->[androidx.lifecycle:lifecycle-process:2.7.0] AndroidManifest.xml:29:13-31:52
137                android:name="androidx.lifecycle.ProcessLifecycleInitializer"
137-->[androidx.lifecycle:lifecycle-process:2.7.0] AndroidManifest.xml:30:17-78
138                android:value="androidx.startup" />
138-->[androidx.lifecycle:lifecycle-process:2.7.0] AndroidManifest.xml:31:17-49
139            <meta-data
139-->[androidx.profileinstaller:profileinstaller:1.3.0] AndroidManifest.xml:29:13-31:52
140                android:name="androidx.profileinstaller.ProfileInstallerInitializer"
140-->[androidx.profileinstaller:profileinstaller:1.3.0] AndroidManifest.xml:30:17-85
141                android:value="androidx.startup" />
141-->[androidx.profileinstaller:profileinstaller:1.3.0] AndroidManifest.xml:31:17-49
142        </provider>
143
144        <service
144-->[androidx.work:work-runtime:2.7.0] AndroidManifest.xml:41:9-46:35
145            android:name="androidx.work.impl.background.systemalarm.SystemAlarmService"
145-->[androidx.work:work-runtime:2.7.0] AndroidManifest.xml:42:13-88
146            android:directBootAware="false"
146-->[androidx.work:work-runtime:2.7.0] AndroidManifest.xml:43:13-44
147            android:enabled="@bool/enable_system_alarm_service_default"
147-->[androidx.work:work-runtime:2.7.0] AndroidManifest.xml:44:13-72
148            android:exported="false" />
148-->[androidx.work:work-runtime:2.7.0] AndroidManifest.xml:45:13-37
149        <service
149-->[androidx.work:work-runtime:2.7.0] AndroidManifest.xml:47:9-53:35
150            android:name="androidx.work.impl.background.systemjob.SystemJobService"
150-->[androidx.work:work-runtime:2.7.0] AndroidManifest.xml:48:13-84
151            android:directBootAware="false"
151-->[androidx.work:work-runtime:2.7.0] AndroidManifest.xml:49:13-44
152            android:enabled="@bool/enable_system_job_service_default"
152-->[androidx.work:work-runtime:2.7.0] AndroidManifest.xml:50:13-70
153            android:exported="true"
153-->[androidx.work:work-runtime:2.7.0] AndroidManifest.xml:51:13-36
154            android:permission="android.permission.BIND_JOB_SERVICE" />
154-->[androidx.work:work-runtime:2.7.0] AndroidManifest.xml:52:13-69
155        <service
155-->[androidx.work:work-runtime:2.7.0] AndroidManifest.xml:54:9-59:35
156            android:name="androidx.work.impl.foreground.SystemForegroundService"
156-->[androidx.work:work-runtime:2.7.0] AndroidManifest.xml:55:13-81
157            android:directBootAware="false"
157-->[androidx.work:work-runtime:2.7.0] AndroidManifest.xml:56:13-44
158            android:enabled="@bool/enable_system_foreground_service_default"
158-->[androidx.work:work-runtime:2.7.0] AndroidManifest.xml:57:13-77
159            android:exported="false" />
159-->[androidx.work:work-runtime:2.7.0] AndroidManifest.xml:58:13-37
160
161        <receiver
161-->[androidx.work:work-runtime:2.7.0] AndroidManifest.xml:61:9-66:35
162            android:name="androidx.work.impl.utils.ForceStopRunnable$BroadcastReceiver"
162-->[androidx.work:work-runtime:2.7.0] AndroidManifest.xml:62:13-88
163            android:directBootAware="false"
163-->[androidx.work:work-runtime:2.7.0] AndroidManifest.xml:63:13-44
164            android:enabled="true"
164-->[androidx.work:work-runtime:2.7.0] AndroidManifest.xml:64:13-35
165            android:exported="false" />
165-->[androidx.work:work-runtime:2.7.0] AndroidManifest.xml:65:13-37
166        <receiver
166-->[androidx.work:work-runtime:2.7.0] AndroidManifest.xml:67:9-77:20
167            android:name="androidx.work.impl.background.systemalarm.ConstraintProxy$BatteryChargingProxy"
167-->[androidx.work:work-runtime:2.7.0] AndroidManifest.xml:68:13-106
168            android:directBootAware="false"
168-->[androidx.work:work-runtime:2.7.0] AndroidManifest.xml:69:13-44
169            android:enabled="false"
169-->[androidx.work:work-runtime:2.7.0] AndroidManifest.xml:70:13-36
170            android:exported="false" >
170-->[androidx.work:work-runtime:2.7.0] AndroidManifest.xml:71:13-37
171            <intent-filter>
171-->[androidx.work:work-runtime:2.7.0] AndroidManifest.xml:73:13-76:29
172                <action android:name="android.intent.action.ACTION_POWER_CONNECTED" />
172-->[androidx.work:work-runtime:2.7.0] AndroidManifest.xml:74:17-87
172-->[androidx.work:work-runtime:2.7.0] AndroidManifest.xml:74:25-84
173                <action android:name="android.intent.action.ACTION_POWER_DISCONNECTED" />
173-->[androidx.work:work-runtime:2.7.0] AndroidManifest.xml:75:17-90
173-->[androidx.work:work-runtime:2.7.0] AndroidManifest.xml:75:25-87
174            </intent-filter>
175        </receiver>
176        <receiver
176-->[androidx.work:work-runtime:2.7.0] AndroidManifest.xml:78:9-88:20
177            android:name="androidx.work.impl.background.systemalarm.ConstraintProxy$BatteryNotLowProxy"
177-->[androidx.work:work-runtime:2.7.0] AndroidManifest.xml:79:13-104
178            android:directBootAware="false"
178-->[androidx.work:work-runtime:2.7.0] AndroidManifest.xml:80:13-44
179            android:enabled="false"
179-->[androidx.work:work-runtime:2.7.0] AndroidManifest.xml:81:13-36
180            android:exported="false" >
180-->[androidx.work:work-runtime:2.7.0] AndroidManifest.xml:82:13-37
181            <intent-filter>
181-->[androidx.work:work-runtime:2.7.0] AndroidManifest.xml:84:13-87:29
182                <action android:name="android.intent.action.BATTERY_OKAY" />
182-->[androidx.work:work-runtime:2.7.0] AndroidManifest.xml:85:17-77
182-->[androidx.work:work-runtime:2.7.0] AndroidManifest.xml:85:25-74
183                <action android:name="android.intent.action.BATTERY_LOW" />
183-->[androidx.work:work-runtime:2.7.0] AndroidManifest.xml:86:17-76
183-->[androidx.work:work-runtime:2.7.0] AndroidManifest.xml:86:25-73
184            </intent-filter>
185        </receiver>
186        <receiver
186-->[androidx.work:work-runtime:2.7.0] AndroidManifest.xml:89:9-99:20
187            android:name="androidx.work.impl.background.systemalarm.ConstraintProxy$StorageNotLowProxy"
187-->[androidx.work:work-runtime:2.7.0] AndroidManifest.xml:90:13-104
188            android:directBootAware="false"
188-->[androidx.work:work-runtime:2.7.0] AndroidManifest.xml:91:13-44
189            android:enabled="false"
189-->[androidx.work:work-runtime:2.7.0] AndroidManifest.xml:92:13-36
190            android:exported="false" >
190-->[androidx.work:work-runtime:2.7.0] AndroidManifest.xml:93:13-37
191            <intent-filter>
191-->[androidx.work:work-runtime:2.7.0] AndroidManifest.xml:95:13-98:29
192                <action android:name="android.intent.action.DEVICE_STORAGE_LOW" />
192-->[androidx.work:work-runtime:2.7.0] AndroidManifest.xml:96:17-83
192-->[androidx.work:work-runtime:2.7.0] AndroidManifest.xml:96:25-80
193                <action android:name="android.intent.action.DEVICE_STORAGE_OK" />
193-->[androidx.work:work-runtime:2.7.0] AndroidManifest.xml:97:17-82
193-->[androidx.work:work-runtime:2.7.0] AndroidManifest.xml:97:25-79
194            </intent-filter>
195        </receiver>
196        <receiver
196-->[androidx.work:work-runtime:2.7.0] AndroidManifest.xml:100:9-109:20
197            android:name="androidx.work.impl.background.systemalarm.ConstraintProxy$NetworkStateProxy"
197-->[androidx.work:work-runtime:2.7.0] AndroidManifest.xml:101:13-103
198            android:directBootAware="false"
198-->[androidx.work:work-runtime:2.7.0] AndroidManifest.xml:102:13-44
199            android:enabled="false"
199-->[androidx.work:work-runtime:2.7.0] AndroidManifest.xml:103:13-36
200            android:exported="false" >
200-->[androidx.work:work-runtime:2.7.0] AndroidManifest.xml:104:13-37
201            <intent-filter>
201-->[androidx.work:work-runtime:2.7.0] AndroidManifest.xml:106:13-108:29
202                <action android:name="android.net.conn.CONNECTIVITY_CHANGE" />
202-->[androidx.work:work-runtime:2.7.0] AndroidManifest.xml:107:17-79
202-->[androidx.work:work-runtime:2.7.0] AndroidManifest.xml:107:25-76
203            </intent-filter>
204        </receiver>
205        <receiver
205-->[androidx.work:work-runtime:2.7.0] AndroidManifest.xml:110:9-121:20
206            android:name="androidx.work.impl.background.systemalarm.RescheduleReceiver"
206-->[androidx.work:work-runtime:2.7.0] AndroidManifest.xml:111:13-88
207            android:directBootAware="false"
207-->[androidx.work:work-runtime:2.7.0] AndroidManifest.xml:112:13-44
208            android:enabled="false"
208-->[androidx.work:work-runtime:2.7.0] AndroidManifest.xml:113:13-36
209            android:exported="false" >
209-->[androidx.work:work-runtime:2.7.0] AndroidManifest.xml:114:13-37
210            <intent-filter>
210-->[androidx.work:work-runtime:2.7.0] AndroidManifest.xml:116:13-120:29
211                <action android:name="android.intent.action.BOOT_COMPLETED" />
211-->[androidx.work:work-runtime:2.7.0] AndroidManifest.xml:117:17-79
211-->[androidx.work:work-runtime:2.7.0] AndroidManifest.xml:117:25-76
212                <action android:name="android.intent.action.TIME_SET" />
212-->[androidx.work:work-runtime:2.7.0] AndroidManifest.xml:118:17-73
212-->[androidx.work:work-runtime:2.7.0] AndroidManifest.xml:118:25-70
213                <action android:name="android.intent.action.TIMEZONE_CHANGED" />
213-->[androidx.work:work-runtime:2.7.0] AndroidManifest.xml:119:17-81
213-->[androidx.work:work-runtime:2.7.0] AndroidManifest.xml:119:25-78
214            </intent-filter>
215        </receiver>
216        <receiver
216-->[androidx.work:work-runtime:2.7.0] AndroidManifest.xml:122:9-131:20
217            android:name="androidx.work.impl.background.systemalarm.ConstraintProxyUpdateReceiver"
217-->[androidx.work:work-runtime:2.7.0] AndroidManifest.xml:123:13-99
218            android:directBootAware="false"
218-->[androidx.work:work-runtime:2.7.0] AndroidManifest.xml:124:13-44
219            android:enabled="@bool/enable_system_alarm_service_default"
219-->[androidx.work:work-runtime:2.7.0] AndroidManifest.xml:125:13-72
220            android:exported="false" >
220-->[androidx.work:work-runtime:2.7.0] AndroidManifest.xml:126:13-37
221            <intent-filter>
221-->[androidx.work:work-runtime:2.7.0] AndroidManifest.xml:128:13-130:29
222                <action android:name="androidx.work.impl.background.systemalarm.UpdateProxies" />
222-->[androidx.work:work-runtime:2.7.0] AndroidManifest.xml:129:17-98
222-->[androidx.work:work-runtime:2.7.0] AndroidManifest.xml:129:25-95
223            </intent-filter>
224        </receiver>
225        <receiver
225-->[androidx.work:work-runtime:2.7.0] AndroidManifest.xml:132:9-142:20
226            android:name="androidx.work.impl.diagnostics.DiagnosticsReceiver"
226-->[androidx.work:work-runtime:2.7.0] AndroidManifest.xml:133:13-78
227            android:directBootAware="false"
227-->[androidx.work:work-runtime:2.7.0] AndroidManifest.xml:134:13-44
228            android:enabled="true"
228-->[androidx.work:work-runtime:2.7.0] AndroidManifest.xml:135:13-35
229            android:exported="true"
229-->[androidx.work:work-runtime:2.7.0] AndroidManifest.xml:136:13-36
230            android:permission="android.permission.DUMP" >
230-->[androidx.work:work-runtime:2.7.0] AndroidManifest.xml:137:13-57
231            <intent-filter>
231-->[androidx.work:work-runtime:2.7.0] AndroidManifest.xml:139:13-141:29
232                <action android:name="androidx.work.diagnostics.REQUEST_DIAGNOSTICS" />
232-->[androidx.work:work-runtime:2.7.0] AndroidManifest.xml:140:17-88
232-->[androidx.work:work-runtime:2.7.0] AndroidManifest.xml:140:25-85
233            </intent-filter>
234        </receiver>
235
236        <service
236-->[androidx.room:room-runtime:2.6.1] AndroidManifest.xml:24:9-28:63
237            android:name="androidx.room.MultiInstanceInvalidationService"
237-->[androidx.room:room-runtime:2.6.1] AndroidManifest.xml:25:13-74
238            android:directBootAware="true"
238-->[androidx.room:room-runtime:2.6.1] AndroidManifest.xml:26:13-43
239            android:exported="false" />
239-->[androidx.room:room-runtime:2.6.1] AndroidManifest.xml:27:13-37
240
241        <meta-data
241-->[com.firebaseui:firebase-ui-auth:7.2.0] AndroidManifest.xml:16:9-18:69
242            android:name="com.google.android.gms.version"
242-->[com.firebaseui:firebase-ui-auth:7.2.0] AndroidManifest.xml:17:13-58
243            android:value="@integer/google_play_services_version" />
243-->[com.firebaseui:firebase-ui-auth:7.2.0] AndroidManifest.xml:18:13-66
244        <meta-data
244-->[com.firebaseui:firebase-ui-auth:7.2.0] AndroidManifest.xml:19:9-21:63
245            android:name="com.facebook.sdk.ApplicationId"
245-->[com.firebaseui:firebase-ui-auth:7.2.0] AndroidManifest.xml:20:13-58
246            android:value="@string/facebook_application_id" />
246-->[com.firebaseui:firebase-ui-auth:7.2.0] AndroidManifest.xml:21:13-60
247
248        <activity
248-->[com.firebaseui:firebase-ui-auth:7.2.0] AndroidManifest.xml:23:9-27:61
249            android:name="com.firebase.ui.auth.KickoffActivity"
249-->[com.firebaseui:firebase-ui-auth:7.2.0] AndroidManifest.xml:24:13-64
250            android:exported="false"
250-->[com.firebaseui:firebase-ui-auth:7.2.0] AndroidManifest.xml:25:13-37
251            android:label=""
251-->[com.firebaseui:firebase-ui-auth:7.2.0] AndroidManifest.xml:26:13-29
252            android:theme="@style/FirebaseUI.Transparent" />
252-->[com.firebaseui:firebase-ui-auth:7.2.0] AndroidManifest.xml:27:13-58
253        <activity
253-->[com.firebaseui:firebase-ui-auth:7.2.0] AndroidManifest.xml:28:9-32:61
254            android:name="com.firebase.ui.auth.ui.idp.SingleSignInActivity"
254-->[com.firebaseui:firebase-ui-auth:7.2.0] AndroidManifest.xml:29:13-76
255            android:exported="false"
255-->[com.firebaseui:firebase-ui-auth:7.2.0] AndroidManifest.xml:30:13-37
256            android:label=""
256-->[com.firebaseui:firebase-ui-auth:7.2.0] AndroidManifest.xml:31:13-29
257            android:theme="@style/FirebaseUI.Transparent" />
257-->[com.firebaseui:firebase-ui-auth:7.2.0] AndroidManifest.xml:32:13-58
258        <activity
258-->[com.firebaseui:firebase-ui-auth:7.2.0] AndroidManifest.xml:33:9-37:61
259            android:name="com.firebase.ui.auth.ui.credentials.CredentialSaveActivity"
259-->[com.firebaseui:firebase-ui-auth:7.2.0] AndroidManifest.xml:34:13-86
260            android:exported="false"
260-->[com.firebaseui:firebase-ui-auth:7.2.0] AndroidManifest.xml:35:13-37
261            android:label=""
261-->[com.firebaseui:firebase-ui-auth:7.2.0] AndroidManifest.xml:36:13-29
262            android:theme="@style/FirebaseUI.Transparent" />
262-->[com.firebaseui:firebase-ui-auth:7.2.0] AndroidManifest.xml:37:13-58
263        <activity
263-->[com.firebaseui:firebase-ui-auth:7.2.0] AndroidManifest.xml:38:9-42:58
264            android:name="com.firebase.ui.auth.ui.email.RecoverPasswordActivity"
264-->[com.firebaseui:firebase-ui-auth:7.2.0] AndroidManifest.xml:39:13-81
265            android:exported="false"
265-->[com.firebaseui:firebase-ui-auth:7.2.0] AndroidManifest.xml:40:13-37
266            android:label="@string/fui_title_recover_password_activity"
266-->[com.firebaseui:firebase-ui-auth:7.2.0] AndroidManifest.xml:41:13-72
267            android:windowSoftInputMode="adjustResize" />
267-->[com.firebaseui:firebase-ui-auth:7.2.0] AndroidManifest.xml:42:13-55
268        <activity
268-->[com.firebaseui:firebase-ui-auth:7.2.0] AndroidManifest.xml:43:9-47:58
269            android:name="com.firebase.ui.auth.ui.email.EmailActivity"
269-->[com.firebaseui:firebase-ui-auth:7.2.0] AndroidManifest.xml:44:13-71
270            android:exported="false"